Build started 15-08-2021 18:39:59.
     1>Project "C:\Users\rajav\Documents\Visual Studio 2010\Projects\assignment_1_yes\assignment_1_yes\assignment_1_yes.vcxproj" on node 2 (build target(s)).
     1>PrepareForBuild:
         Creating directory "C:\Users\rajav\Documents\Visual Studio 2010\Projects\assignment_1_yes\Debug\".
       InitializeBuildStatus:
         Creating "Debug\assignment_1_yes.unsuccessfulbuild" because "AlwaysCreate" was specified.
       ClCompile:
         All outputs are up-to-date.
         C:\Program Files (x86)\Microsoft Visual Studio 10.0\VC\bin\CL.exe /c /ZI /nologo /W3 /WX- /Od /Oy- /D WIN32 /D _DEBUG /D _CONSOLE /D _UNICODE /D UNICODE /Gm /EHsc /RTC1 /MDd /GS /fp:precise /Zc:wchar_t /Zc:forScope /Yu"StdAfx.h" /Fp"Debug\assignment_1_yes.pch" /Fo"Debug\\" /Fd"Debug\vc100.pdb" /Gd /TP /analyze- /errorReport:prompt assignment_1_yes.cpp
         assignment_1_yes.cpp
     1>c:\users\rajav\documents\visual studio 2010\projects\assignment_1_yes\assignment_1_yes\assignment_1_yes.cpp(89): warning C4244: 'initializing' : conversion from 'double' to 'int', possible loss of data
     1>c:\users\rajav\documents\visual studio 2010\projects\assignment_1_yes\assignment_1_yes\assignment_1_yes.cpp(234): warning C4996: 'scanf': This function or variable may be unsafe. Consider using scanf_s instead. To disable deprecation, use _CRT_SECURE_NO_WARNINGS. See online help for details.
                 c:\program files (x86)\microsoft visual studio 10.0\vc\include\stdio.h(304) : see declaration of 'scanf'
     1>c:\users\rajav\documents\visual studio 2010\projects\assignment_1_yes\assignment_1_yes\assignment_1_yes.cpp(238): warning C4996: 'fopen': This function or variable may be unsafe. Consider using fopen_s instead. To disable deprecation, use _CRT_SECURE_NO_WARNINGS. See online help for details.
                 c:\program files (x86)\microsoft visual studio 10.0\vc\include\stdio.h(234) : see declaration of 'fopen'
     1>c:\users\rajav\documents\visual studio 2010\projects\assignment_1_yes\assignment_1_yes\assignment_1_yes.cpp(240): warning C4996: 'fopen': This function or variable may be unsafe. Consider using fopen_s instead. To disable deprecation, use _CRT_SECURE_NO_WARNINGS. See online help for details.
                 c:\program files (x86)\microsoft visual studio 10.0\vc\include\stdio.h(234) : see declaration of 'fopen'
     1>c:\users\rajav\documents\visual studio 2010\projects\assignment_1_yes\assignment_1_yes\assignment_1_yes.cpp(242): warning C4996: 'fopen': This function or variable may be unsafe. Consider using fopen_s instead. To disable deprecation, use _CRT_SECURE_NO_WARNINGS. See online help for details.
                 c:\program files (x86)\microsoft visual studio 10.0\vc\include\stdio.h(234) : see declaration of 'fopen'
     1>c:\users\rajav\documents\visual studio 2010\projects\assignment_1_yes\assignment_1_yes\assignment_1_yes.cpp(244): warning C4996: 'fopen': This function or variable may be unsafe. Consider using fopen_s instead. To disable deprecation, use _CRT_SECURE_NO_WARNINGS. See online help for details.
                 c:\program files (x86)\microsoft visual studio 10.0\vc\include\stdio.h(234) : see declaration of 'fopen'
     1>c:\users\rajav\documents\visual studio 2010\projects\assignment_1_yes\assignment_1_yes\assignment_1_yes.cpp(246): warning C4996: 'fopen': This function or variable may be unsafe. Consider using fopen_s instead. To disable deprecation, use _CRT_SECURE_NO_WARNINGS. See online help for details.
                 c:\program files (x86)\microsoft visual studio 10.0\vc\include\stdio.h(234) : see declaration of 'fopen'
     1>c:\users\rajav\documents\visual studio 2010\projects\assignment_1_yes\assignment_1_yes\assignment_1_yes.cpp(254): warning C4996: 'fopen': This function or variable may be unsafe. Consider using fopen_s instead. To disable deprecation, use _CRT_SECURE_NO_WARNINGS. See online help for details.
                 c:\program files (x86)\microsoft visual studio 10.0\vc\include\stdio.h(234) : see declaration of 'fopen'
     1>c:\users\rajav\documents\visual studio 2010\projects\assignment_1_yes\assignment_1_yes\assignment_1_yes.cpp(256): warning C4996: 'fopen': This function or variable may be unsafe. Consider using fopen_s instead. To disable deprecation, use _CRT_SECURE_NO_WARNINGS. See online help for details.
                 c:\program files (x86)\microsoft visual studio 10.0\vc\include\stdio.h(234) : see declaration of 'fopen'
     1>c:\users\rajav\documents\visual studio 2010\projects\assignment_1_yes\assignment_1_yes\assignment_1_yes.cpp(257): warning C4996: 'fopen': This function or variable may be unsafe. Consider using fopen_s instead. To disable deprecation, use _CRT_SECURE_NO_WARNINGS. See online help for details.
                 c:\program files (x86)\microsoft visual studio 10.0\vc\include\stdio.h(234) : see declaration of 'fopen'
     1>c:\users\rajav\documents\visual studio 2010\projects\assignment_1_yes\assignment_1_yes\assignment_1_yes.cpp(273): warning C4996: 'getch': The POSIX name for this item is deprecated. Instead, use the ISO C++ conformant name: _getch. See online help for details.
                 c:\program files (x86)\microsoft visual studio 10.0\vc\include\conio.h(128) : see declaration of 'getch'
       ManifestResourceCompile:
         All outputs are up-to-date.
       Link:
         C:\Program Files (x86)\Microsoft Visual Studio 10.0\VC\bin\link.exe /ERRORREPORT:PROMPT /OUT:"C:\Users\rajav\Documents\Visual Studio 2010\Projects\assignment_1_yes\Debug\assignment_1_yes.exe" /INCREMENTAL /NOLOGO kernel32.lib user32.lib gdi32.lib winspool.lib comdlg32.lib advapi32.lib shell32.lib ole32.lib oleaut32.lib uuid.lib odbc32.lib odbccp32.lib /MANIFEST /ManifestFile:"Debug\assignment_1_yes.exe.intermediate.manifest" /MANIFESTUAC:"level='asInvoker' uiAccess='false'" /DEBUG /PDB:"C:\Users\rajav\Documents\Visual Studio 2010\Projects\assignment_1_yes\Debug\assignment_1_yes.pdb" /SUBSYSTEM:CONSOLE /TLBID:1 /DYNAMICBASE /NXCOMPAT /IMPLIB:"C:\Users\rajav\Documents\Visual Studio 2010\Projects\assignment_1_yes\Debug\assignment_1_yes.lib" /MACHINE:X86 Debug\assignment_1_yes.exe.embed.manifest.res
         Debug\assignment_1_yes.obj
         Debug\stdafx.obj
       Manifest:
         C:\Program Files (x86)\Microsoft SDKs\Windows\v7.0A\bin\mt.exe /nologo /verbose /out:"Debug\assignment_1_yes.exe.embed.manifest" /manifest Debug\assignment_1_yes.exe.intermediate.manifest
         All outputs are up-to-date.
       LinkEmbedManifest:
         All outputs are up-to-date.
         assignment_1_yes.vcxproj -> C:\Users\rajav\Documents\Visual Studio 2010\Projects\assignment_1_yes\Debug\assignment_1_yes.exe
       FinalizeBuildStatus:
         Deleting file "Debug\assignment_1_yes.unsuccessfulbuild".
         Touching "Debug\assignment_1_yes.lastbuildstate".
     1>Done Building Project "C:\Users\rajav\Documents\Visual Studio 2010\Projects\assignment_1_yes\assignment_1_yes\assignment_1_yes.vcxproj" (build target(s)).

Build succeeded.

Time Elapsed 00:00:00.48
